  [1m[35m (105.2ms)[0m  [1m[35mCREATE DATABASE "demo_project_development" ENCODING = 'unicode'[0m
  [1m[35m (50.6ms)[0m  [1m[35mCREATE DATABASE "demo_project_test" ENCODING = 'unicode'[0m
  [1m[35m (8.2ms)[0m  [1m[35mCREATE TABLE "schema_migrations" ("version" character varying NOT NULL PRIMARY KEY)[0m
  [1m[35m (1.6ms)[0m  [1m[35mCREATE TABLE "ar_internal_metadata" ("key" character varying NOT NULL PRIMARY KEY, "value" character varying, "created_at" timestamp(6) NOT NULL, "updated_at" timestamp(6) NOT NULL)[0m
  [1m[35m (0.1ms)[0m  [1m[34mSELECT pg_try_advisory_lock(3664083811000030320)[0m
  [1m[36mActiveRecord::SchemaMigration Pluck (0.2ms)[0m  [1m[34mSELECT "schema_migrations"."version" FROM "schema_migrations" ORDER BY "schema_migrations"."version" ASC[0m
Migrating to CreatePeople (20230302200800)
  [1m[36mTRANSACTION (0.0ms)[0m  [1m[35mBEGIN[0m
  [1m[35m (2.7ms)[0m  [1m[35mCREATE TABLE "people" ("id" bigserial primary key, "name" character varying NOT NULL, "houses_id" bigint NOT NULL, "created_at" timestamp(6) NOT NULL, "updated_at" timestamp(6) NOT NULL)[0m
  [1m[35m (0.7ms)[0m  [1m[35mCREATE INDEX "index_people_on_houses_id" ON "people" ("houses_id")[0m
  [1m[36mActiveRecord::SchemaMigration Create (0.6ms)[0m  [1m[32mINSERT INTO "schema_migrations" ("version") VALUES ($1) RETURNING "version"[0m  [["version", "20230302200800"]]
  [1m[36mTRANSACTION (0.3ms)[0m  [1m[35mCOMMIT[0m
Migrating to CreateHouse (20230302200839)
  [1m[35m (0.1ms)[0m  [1m[34mSELECT pg_advisory_unlock(3664083811000030320)[0m
  [1m[35m (0.2ms)[0m  [1m[34mSELECT pg_try_advisory_lock(3664083811000030320)[0m
  [1m[36mActiveRecord::SchemaMigration Pluck (0.7ms)[0m  [1m[34mSELECT "schema_migrations"."version" FROM "schema_migrations" ORDER BY "schema_migrations"."version" ASC[0m
Migrating to CreateHouse (20230302200839)
  [1m[35m (0.2ms)[0m  [1m[34mSELECT pg_advisory_unlock(3664083811000030320)[0m
  [1m[35m (0.2ms)[0m  [1m[34mSELECT pg_try_advisory_lock(3664083811000030320)[0m
  [1m[36mActiveRecord::SchemaMigration Pluck (0.7ms)[0m  [1m[34mSELECT "schema_migrations"."version" FROM "schema_migrations" ORDER BY "schema_migrations"."version" ASC[0m
Migrating to CreateHouse (20230302200839)
  [1m[35m (0.1ms)[0m  [1m[34mSELECT pg_advisory_unlock(3664083811000030320)[0m
  [1m[36mActiveRecord::SchemaMigration Pluck (0.7ms)[0m  [1m[34mSELECT "schema_migrations"."version" FROM "schema_migrations" ORDER BY "schema_migrations"."version" ASC[0m
  [1m[36mActiveRecord::SchemaMigration Pluck (0.5ms)[0m  [1m[34mSELECT "schema_migrations"."version" FROM "schema_migrations" ORDER BY "schema_migrations"."version" ASC[0m
  [1m[35m (0.1ms)[0m  [1m[34mSELECT pg_try_advisory_lock(3664083811000030320)[0m
  [1m[36mActiveRecord::SchemaMigration Pluck (0.7ms)[0m  [1m[34mSELECT "schema_migrations"."version" FROM "schema_migrations" ORDER BY "schema_migrations"."version" ASC[0m
Migrating to CreateHouse (20230302200839)
  [1m[35m (0.1ms)[0m  [1m[34mSELECT pg_advisory_unlock(3664083811000030320)[0m
  [1m[35m (0.2ms)[0m  [1m[34mSELECT pg_try_advisory_lock(3664083811000030320)[0m
  [1m[36mActiveRecord::SchemaMigration Pluck (0.7ms)[0m  [1m[34mSELECT "schema_migrations"."version" FROM "schema_migrations" ORDER BY "schema_migrations"."version" ASC[0m
Migrating to CreateHouse (20230302200839)
  [1m[36mTRANSACTION (0.1ms)[0m  [1m[35mBEGIN[0m
  [1m[35m (7.2ms)[0m  [1m[35mCREATE TABLE "houses" ("id" bigserial primary key, "address" character varying NOT NULL, "created_at" timestamp(6) NOT NULL, "updated_at" timestamp(6) NOT NULL)[0m
  [1m[36mActiveRecord::SchemaMigration Create (0.8ms)[0m  [1m[32mINSERT INTO "schema_migrations" ("version") VALUES ($1) RETURNING "version"[0m  [["version", "20230302200839"]]
  [1m[36mTRANSACTION (0.6ms)[0m  [1m[35mCOMMIT[0m
  [1m[36mActiveRecord::InternalMetadata Load (0.8ms)[0m  [1m[34mSELECT "ar_internal_metadata".* FROM "ar_internal_metadata" WHERE "ar_internal_metadata"."key" = $1 LIMIT $2[0m  [["key", "environment"], ["LIMIT", 1]]
  [1m[36mTRANSACTION (0.0ms)[0m  [1m[35mBEGIN[0m
  [1m[36mActiveRecord::InternalMetadata Create (1.0ms)[0m  [1m[32mINSERT INTO "ar_internal_metadata" ("key", "value", "created_at", "updated_at") VALUES ($1, $2, $3, $4) RETURNING "key"[0m  [["key", "environment"], ["value", "development"], ["created_at", "2023-03-02 20:15:32.089797"], ["updated_at", "2023-03-02 20:15:32.089797"]]
  [1m[36mTRANSACTION (0.3ms)[0m  [1m[35mCOMMIT[0m
  [1m[35m (0.2ms)[0m  [1m[34mSELECT pg_advisory_unlock(3664083811000030320)[0m
  [1m[36mActiveRecord::SchemaMigration Pluck (0.5ms)[0m  [1m[34mSELECT "schema_migrations"."version" FROM "schema_migrations" ORDER BY "schema_migrations"."version" ASC[0m
  [1m[36mActiveRecord::SchemaMigration Pluck (0.7ms)[0m  [1m[34mSELECT "schema_migrations"."version" FROM "schema_migrations" ORDER BY "schema_migrations"."version" ASC[0m
  [1m[36mActiveRecord::SchemaMigration Pluck (0.3ms)[0m  [1m[34mSELECT "schema_migrations"."version" FROM "schema_migrations" ORDER BY "schema_migrations"."version" ASC[0m
  [1m[36mTRANSACTION (0.3ms)[0m  [1m[35mBEGIN[0m
  [1m[36mHouse Create (1.5ms)[0m  [1m[32mINSERT INTO "houses" ("address", "created_at", "updated_at") VALUES ($1, $2, $3) RETURNING "id"[0m  [["address", "308 Negra Arroyo Lane"], ["created_at", "2023-03-02 20:36:46.664710"], ["updated_at", "2023-03-02 20:36:46.664710"]]
  [1m[36mTRANSACTION (0.6ms)[0m  [1m[35mCOMMIT[0m
  [1m[36mTRANSACTION (0.2ms)[0m  [1m[35mBEGIN[0m
  [1m[36mHouse Create (1.5ms)[0m  [1m[32mINSERT INTO "houses" ("address", "created_at", "updated_at") VALUES ($1, $2, $3) RETURNING "id"[0m  [["address", "308 Negra Arroyo Lane"], ["created_at", "2023-03-02 20:52:18.563697"], ["updated_at", "2023-03-02 20:52:18.563697"]]
  [1m[36mTRANSACTION (1.3ms)[0m  [1m[35mCOMMIT[0m
  [1m[36mPerson Load (1.4ms)[0m  [1m[34mSELECT "people".* FROM "people" ORDER BY "people"."id" ASC LIMIT $1[0m  [["LIMIT", 1]]
  [1m[36mPerson Load (0.4ms)[0m  [1m[34mSELECT "people".* FROM "people" ORDER BY "people"."id" ASC LIMIT $1[0m  [["LIMIT", 1]]
  [1m[36mPerson Load (0.5ms)[0m  [1m[34mSELECT "people".* FROM "people" ORDER BY "people"."id" ASC LIMIT $1[0m  [["LIMIT", 1]]
  [1m[36mHouse Load (0.7ms)[0m  [1m[34mSELECT "houses".* FROM "houses" ORDER BY "houses"."id" ASC LIMIT $1[0m  [["LIMIT", 1]]
  [1m[36mPerson Load (0.2ms)[0m  [1m[34mSELECT "people".* FROM "people" WHERE "people"."houses_id" = $1[0m  [["houses_id", 1]]
  [1m[36mPerson Load (0.5ms)[0m  [1m[34mSELECT "people".* FROM "people" ORDER BY "people"."id" ASC LIMIT $1[0m  [["LIMIT", 1]]
  [1m[36mPerson Load (0.3ms)[0m  [1m[34mSELECT "people".* FROM "people" ORDER BY "people"."id" ASC LIMIT $1[0m  [["LIMIT", 1]]
  [1m[36mPerson Load (0.6ms)[0m  [1m[34mSELECT "people".* FROM "people" ORDER BY "people"."id" ASC LIMIT $1[0m  [["LIMIT", 1]]
